<?xml version="1.0" encoding="UTF-8"?>
<!-- Generated by org.testng.reporters.JUnitXMLReporter -->
<testsuite hostname="KarinaHPLaptop" ignored="0" name="Test" tests="5" failures="1" timestamp="27 Mar 2023 21:03:53 GMT" time="0.016" errors="0">
  <testcase name="RegisterUser" time="0.016" classname="com.project.extra.RegisterTest"/>
  <testcase name="LoginUser" time="0.0" classname="com.project.extra.LoginTest"/>
  <testcase name="SearchProductUser" time="0.0" classname="com.project.extra.SearchProductTest"/>
  <testcase name="searchSpecificProductTest" time="0.0" classname="com.project.extra.SearchProductTest">
    <failure type="java.lang.AssertionError" message="Some reason">
      <![CDATA[java.lang.AssertionError: Some reason
at com.project.extra.SearchProductTest.searchSpecificProductTest(SearchProductTest.java:15)
... Removed 30 stack frames]]>
    </failure>
  </testcase> <!-- searchSpecificProductTest -->
  <testcase name="LogoutUser" time="0.0" classname="com.project.extra.LogoutTest"/>
</testsuite> <!-- Test -->
